{"F:\\Testing React App\\BookListApp\\book_list\\src\\App.js": {"path":"F:\\Testing React App\\BookListApp\\book_list\\src\\App.js","statementMap":{"0":{"start":{"line":5,"column":2},"end":{"line":9,"column":4}}},"fnMap":{"0":{"name":"App","decl":{"start":{"line":4,"column":9},"end":{"line":4,"column":12}},"loc":{"start":{"line":4,"column":15},"end":{"line":10,"column":1}},"line":4}},"branchMap":{},"s":{"0":1},"f":{"0":1},"b":{},"_coverageSchema":"1a1c01bbd47fc00a2c39e90264f33305004495a9","hash":"a28eedec9690bd9a8fe37a4c064c049cdc79722b"}
,"F:\\Testing React App\\BookListApp\\book_list\\src\\index.js": {"path":"F:\\Testing React App\\BookListApp\\book_list\\src\\index.js","statementMap":{"0":{"start":{"line":7,"column":13},"end":{"line":7,"column":65}},"1":{"start":{"line":8,"column":0},"end":{"line":12,"column":2}},"2":{"start":{"line":17,"column":0},"end":{"line":17,"column":18}}},"fnMap":{},"branchMap":{},"s":{"0":0,"1":0,"2":0},"f":{},"b":{}}
,"F:\\Testing React App\\BookListApp\\book_list\\src\\reportWebVitals.js": {"path":"F:\\Testing React App\\BookListApp\\book_list\\src\\reportWebVitals.js","statementMap":{"0":{"start":{"line":1,"column":24},"end":{"line":11,"column":1}},"1":{"start":{"line":2,"column":2},"end":{"line":10,"column":3}},"2":{"start":{"line":3,"column":4},"end":{"line":9,"column":7}},"3":{"start":{"line":4,"column":6},"end":{"line":4,"column":26}},"4":{"start":{"line":5,"column":6},"end":{"line":5,"column":26}},"5":{"start":{"line":6,"column":6},"end":{"line":6,"column":26}},"6":{"start":{"line":7,"column":6},"end":{"line":7,"column":26}},"7":{"start":{"line":8,"column":6},"end":{"line":8,"column":27}}},"fnMap":{"0":{"name":"(anonymous_0)","decl":{"start":{"line":1,"column":24},"end":{"line":1,"column":25}},"loc":{"start":{"line":1,"column":39},"end":{"line":11,"column":1}},"line":1},"1":{"name":"(anonymous_1)","decl":{"start":{"line":3,"column":30},"end":{"line":3,"column":31}},"loc":{"start":{"line":3,"column":79},"end":{"line":9,"column":5}},"line":3}},"branchMap":{"0":{"loc":{"start":{"line":2,"column":2},"end":{"line":10,"column":3}},"type":"if","locations":[{"start":{"line":2,"column":2},"end":{"line":10,"column":3}},{"start":{},"end":{}}],"line":2},"1":{"loc":{"start":{"line":2,"column":6},"end":{"line":2,"column":52}},"type":"binary-expr","locations":[{"start":{"line":2,"column":6},"end":{"line":2,"column":17}},{"start":{"line":2,"column":21},"end":{"line":2,"column":52}}],"line":2}},"s":{"0":0,"1":0,"2":0,"3":0,"4":0,"5":0,"6":0,"7":0},"f":{"0":0,"1":0},"b":{"0":[0,0],"1":[0,0]}}
,"F:\\Testing React App\\BookListApp\\book_list\\src\\components\\Book.jsx": {"path":"F:\\Testing React App\\BookListApp\\book_list\\src\\components\\Book.jsx","statementMap":{"0":{"start":{"line":3,"column":13},"end":{"line":45,"column":1}},"1":{"start":{"line":4,"column":48},"end":{"line":4,"column":63}},"2":{"start":{"line":5,"column":2},"end":{"line":44,"column":4}},"3":{"start":{"line":20,"column":23},"end":{"line":20,"column":47}},"4":{"start":{"line":28,"column":23},"end":{"line":28,"column":48}}},"fnMap":{"0":{"name":"(anonymous_0)","decl":{"start":{"line":3,"column":13},"end":{"line":3,"column":14}},"loc":{"start":{"line":3,"column":34},"end":{"line":45,"column":1}},"line":3},"1":{"name":"(anonymous_1)","decl":{"start":{"line":20,"column":17},"end":{"line":20,"column":18}},"loc":{"start":{"line":20,"column":23},"end":{"line":20,"column":47}},"line":20},"2":{"name":"(anonymous_2)","decl":{"start":{"line":28,"column":17},"end":{"line":28,"column":18}},"loc":{"start":{"line":28,"column":23},"end":{"line":28,"column":48}},"line":28}},"branchMap":{"0":{"loc":{"start":{"line":5,"column":9},"end":{"line":44,"column":3}},"type":"cond-expr","locations":[{"start":{"line":6,"column":4},"end":{"line":41,"column":10}},{"start":{"line":43,"column":4},"end":{"line":43,"column":50}}],"line":5},"1":{"loc":{"start":{"line":35,"column":7},"end":{"line":39,"column":7}},"type":"binary-expr","locations":[{"start":{"line":35,"column":7},"end":{"line":35,"column":22}},{"start":{"line":36,"column":8},"end":{"line":38,"column":12}}],"line":35}},"s":{"0":2,"1":9,"2":9,"3":1,"4":1},"f":{"0":9,"1":1,"2":1},"b":{"0":[5,4],"1":[5,1]},"_coverageSchema":"1a1c01bbd47fc00a2c39e90264f33305004495a9","hash":"e6d8878d724a2e5109f5f1939a7060022bdf016a"}
,"F:\\Testing React App\\BookListApp\\book_list\\src\\containers\\BookList.jsx": {"path":"F:\\Testing React App\\BookListApp\\book_list\\src\\containers\\BookList.jsx","statementMap":{"0":{"start":{"line":6,"column":10},"end":{"line":8,"column":3}},"1":{"start":{"line":9,"column":20},"end":{"line":11,"column":3}},"2":{"start":{"line":10,"column":4},"end":{"line":10,"column":46}},"3":{"start":{"line":13,"column":33},"end":{"line":13,"column":43}},"4":{"start":{"line":14,"column":4},"end":{"line":45,"column":6}},"5":{"start":{"line":26,"column":14},"end":{"line":37,"column":16}},"6":{"start":{"line":31,"column":35},"end":{"line":31,"column":61}}},"fnMap":{"0":{"name":"(anonymous_0)","decl":{"start":{"line":9,"column":20},"end":{"line":9,"column":21}},"loc":{"start":{"line":9,"column":30},"end":{"line":11,"column":3}},"line":9},"1":{"name":"(anonymous_1)","decl":{"start":{"line":12,"column":2},"end":{"line":12,"column":3}},"loc":{"start":{"line":12,"column":11},"end":{"line":46,"column":3}},"line":12},"2":{"name":"(anonymous_2)","decl":{"start":{"line":25,"column":34},"end":{"line":25,"column":35}},"loc":{"start":{"line":25,"column":44},"end":{"line":38,"column":13}},"line":25},"3":{"name":"(anonymous_3)","decl":{"start":{"line":31,"column":29},"end":{"line":31,"column":30}},"loc":{"start":{"line":31,"column":35},"end":{"line":31,"column":61}},"line":31}},"branchMap":{},"s":{"0":3,"1":3,"2":1,"3":4,"4":4,"5":12,"6":1},"f":{"0":1,"1":4,"2":12,"3":1},"b":{},"_coverageSchema":"1a1c01bbd47fc00a2c39e90264f33305004495a9","hash":"f6b7412255a28a11e20d989d81ae7885f923f54e"}
,"F:\\Testing React App\\BookListApp\\book_list\\src\\utils\\constant.js": {"path":"F:\\Testing React App\\BookListApp\\book_list\\src\\utils\\constant.js","statementMap":{"0":{"start":{"line":1,"column":32},"end":{"line":20,"column":1}}},"fnMap":{},"branchMap":{},"s":{"0":1},"f":{},"b":{},"_coverageSchema":"1a1c01bbd47fc00a2c39e90264f33305004495a9","hash":"1363173b2beaf733c95fa8b2dfe8458b645cc6d8"}
}
